<?xml version="1.0" encoding="UTF-8"?>
<testsuite xmlns:xsi="http://www.w3.org/2001/XMLSchema-instance" xsi:noNamespaceSchemaLocation="https://maven.apache.org/surefire/maven-surefire-plugin/xsd/surefire-test-report-3.0.xsd" version="3.0" name="com.example.demo.JwtExampleApplicationTests" time="4.903" tests="1" errors="0" skipped="0" failures="0">
  <properties>
[...]
</properties>
  <testcase name="contextLoads" classname="com.example.demo.JwtExampleApplicationTests" time="0.586">
    <system-out><![CDATA[11:18:16.250 [main] INFO org.springframework.test.context.support.AnnotationConfigContextLoaderUtils -- Could not detect default configuration classes for test class [com.example.demo.JwtExampleApplicationTests]: JwtExampleApplicationTests does not declare any static, non-private, non-final, nested classes annotated with @Configuration.
11:18:16.339 [main] INFO org.springframework.boot.test.context.SpringBootTestContextBootstrapper -- Found @SpringBootConfiguration com.example.demo.JwtExampleApplication for test class com.example.demo.JwtExampleApplicationTests

  .   ____          _            __ _ _
 /\\ / ___'_ __ _ _(_)_ __  __ _ \ \ \ \
( ( )\___ | '_ | '_| | '_ \/ _` | \ \ \ \
 \\/  ___)| |_)| | | | | || (_| |  ) ) ) )
  '  |____| .__|_| |_|_| |_\__, | / / / /
 =========|_|==============|___/=/_/_/_/
 :: Spring Boot ::                (v3.1.5)

2023-11-21T11:18:16.682-03:00  INFO 545042 --- [           main] c.e.demo.JwtExampleApplicationTests      : Starting JwtExampleApplicationTests using Java 17.0.9 with PID 545042 (started by bruno in /home/bruno/Projects/brunocaldara/springboot-jwt-example)
2023-11-21T11:18:16.684-03:00  INFO 545042 --- [           main] c.e.demo.JwtExampleApplicationTests      : No active profile set, falling back to 1 default profile: "default"
2023-11-21T11:18:17.340-03:00  INFO 545042 --- [           main] .s.d.r.c.RepositoryConfigurationDelegate : Bootstrapping Spring Data JPA repositories in DEFAULT mode.
2023-11-21T11:18:17.419-03:00  INFO 545042 --- [           main] .s.d.r.c.RepositoryConfigurationDelegate : Finished Spring Data repository scanning in 72 ms. Found 2 JPA repository interfaces.
2023-11-21T11:18:17.923-03:00  INFO 545042 --- [           main] o.hibernate.jpa.internal.util.LogHelper  : HHH000204: Processing PersistenceUnitInfo [name: default]
2023-11-21T11:18:17.980-03:00  INFO 545042 --- [           main] org.hibernate.Version                    : HHH000412: Hibernate ORM core version 6.2.13.Final
2023-11-21T11:18:17.982-03:00  INFO 545042 --- [           main] org.hibernate.cfg.Environment            : HHH000406: Using bytecode reflection optimizer
2023-11-21T11:18:18.231-03:00  INFO 545042 --- [           main] o.s.o.j.p.SpringPersistenceUnitInfo      : No LoadTimeWeaver setup: ignoring JPA class transformer
2023-11-21T11:18:18.252-03:00  INFO 545042 --- [           main] com.zaxxer.hikari.HikariDataSource       : HikariPool-1 - Starting...
2023-11-21T11:18:18.451-03:00  INFO 545042 --- [           main] com.zaxxer.hikari.pool.HikariPool        : HikariPool-1 - Added connection org.postgresql.jdbc.PgConnection@25ce435
2023-11-21T11:18:18.453-03:00  INFO 545042 --- [           main] com.zaxxer.hikari.HikariDataSource       : HikariPool-1 - Start completed.
2023-11-21T11:18:18.479-03:00  WARN 545042 --- [           main] org.hibernate.dialect.Dialect            : HHH000511: The 9.6.0 version for [org.hibernate.dialect.PostgreSQLDialect] is no longer supported, hence certain features may not work properly. The minimum supported version is 10.0.0. Check the community dialects project for available legacy versions.
2023-11-21T11:18:18.483-03:00  WARN 545042 --- [           main] org.hibernate.orm.deprecation            : HHH90000025: PostgreSQLDialect does not need to be specified explicitly using 'hibernate.dialect' (remove the property setting and it will be selected by default)
2023-11-21T11:18:19.174-03:00  INFO 545042 --- [           main] o.h.m.i.EntityInstantiatorPojoStandard   : HHH000182: No default (no-argument) constructor for class: com.example.demo.model.User (class must be instantiated by Interceptor)
2023-11-21T11:18:19.327-03:00  INFO 545042 --- [           main] o.h.e.t.j.p.i.JtaPlatformInitiator       : HHH000489: No JTA platform available (set 'hibernate.transaction.jta.platform' to enable JTA platform integration)
2023-11-21T11:18:19.387-03:00  INFO 545042 --- [           main] j.LocalContainerEntityManagerFactoryBean : Initialized JPA EntityManagerFactory for persistence unit 'default'
2023-11-21T11:18:19.845-03:00  WARN 545042 --- [           main] JpaBaseConfiguration$JpaWebConfiguration : spring.jpa.open-in-view is enabled by default. Therefore, database queries may be performed during view rendering. Explicitly configure spring.jpa.open-in-view to disable this warning
2023-11-21T11:18:19.929-03:00  INFO 545042 --- [           main] o.s.s.web.DefaultSecurityFilterChain     : Will secure any request with [org.springframework.security.web.session.DisableEncodeUrlFilter@4e35a219, org.springframework.security.web.context.request.async.WebAsyncManagerIntegrationFilter@7772ec28, org.springframework.security.web.context.SecurityContextHolderFilter@49770ef9, org.springframework.security.web.header.HeaderWriterFilter@58fbfefb, org.springframework.security.web.authentication.logout.LogoutFilter@43120a77, com.example.demo.config.jwt.AuthTokenFilter@2ce62e27, org.springframework.security.web.savedrequest.RequestCacheAwareFilter@4f0cdd0f, org.springframework.security.web.servletapi.SecurityContextHolderAwareRequestFilter@87f1201, org.springframework.security.web.authentication.AnonymousAuthenticationFilter@14d513ca, org.springframework.security.web.session.SessionManagementFilter@53f1fcc2, org.springframework.security.web.access.ExceptionTranslationFilter@7c0a6f62, org.springframework.security.web.access.intercept.AuthorizationFilter@3fb0d9de]
2023-11-21T11:18:20.398-03:00  INFO 545042 --- [           main] c.e.demo.JwtExampleApplicationTests      : Started JwtExampleApplicationTests in 3.938 seconds (process running for 4.948)
]]></system-out>
  </testcase>
</testsuite>